-Xlint:ignore
-encoding
UTF-8
-source
10
-target
10
-classpath
C:\Users\IGS\.m2\repository\com\bmc\arsys\com.bmc.arsys.rx.standardlib\22.1.07-SNAPSHOT\com.bmc.arsys.rx.standardlib-22.1.07-SNAPSHOT.jar;C:\Users\IGS\.m2\repository\com\bmc\arsys\com.bmc.arsys.rx.services\22.1.07-SNAPSHOT\com.bmc.arsys.rx.services-22.1.07-SNAPSHOT.jar;C:\Users\IGS\.m2\repository\com\bmc\arsys\com.bmc.arsys.rx.application\22.1.07-SNAPSHOT\com.bmc.arsys.rx.application-22.1.07-SNAPSHOT.jar;C:\Users\IGS\.m2\repository\org\eclipse\osgi\3.10.0-v20140606-1445\osgi-3.10.0-v20140606-1445.jar;C:\Users\IGS\.m2\repository\javax\ws\rs\javax.ws.rs-api\2.0.1\javax.ws.rs-api-2.0.1.jar;C:\Users\IGS\.m2\repository\org\glassfish\jersey\core\jersey-common\2.29\jersey-common-2.29.jar;C:\Users\IGS\.m2\repository\org\glassfish\jersey\core\jersey-client\2.29\jersey-client-2.29.jar;C:\Users\IGS\.m2\repository\org\glassfish\jersey\media\jersey-media-json-jackson\2.29\jersey-media-json-jackson-2.29.jar;C:\Users\IGS\.m2\repository\org\glassfish\jersey\inject\jersey-hk2\2.29\jersey-hk2-2.29.jar;C:\Users\IGS\.m2\repository\com\fasterxml\jackson\core\jackson-core\2.10.0\jackson-core-2.10.0.jar;C:\Users\IGS\.m2\repository\com\fasterxml\jackson\core\jackson-databind\2.10.0\jackson-databind-2.10.0.jar;C:\Users\IGS\.m2\repository\com\fasterxml\jackson\core\jackson-annotations\2.10.0\jackson-annotations-2.10.0.jar;C:\Users\IGS\.m2\repository\com\fasterxml\jackson\module\jackson-module-jsonSchema\2.10.0\jackson-module-jsonSchema-2.10.0.jar;C:\Users\IGS\.m2\repository\org\apache\servicemix\bundles\org.apache.servicemix.bundles.aspectj\1.9.1_1\org.apache.servicemix.bundles.aspectj-1.9.1_1.jar;C:\Users\IGS\.m2\repository\org\apache\servicemix\bundles\org.apache.servicemix.bundles.spring-aspects\5.3.5_1\org.apache.servicemix.bundles.spring-aspects-5.3.5_1.jar;C:\Users\IGS\.m2\repository\org\apache\servicemix\bundles\org.apache.servicemix.bundles.spring-tx\5.3.5_1\org.apache.servicemix.bundles.spring-tx-5.3.5_1.jar;C:\Users\IGS\.m2\repository\javax\validation\validation-api\2.0.1.Final\validation-api-2.0.1.Final.jar;C:\Users\IGS\.m2\repository\org\hibernate\validator\hibernate-validator\6.2.0.Final\hibernate-validator-6.2.0.Final.jar;C:\Users\IGS\.m2\repository\org\testng\testng\6.9.10\testng-6.9.10.jar;C:\Users\IGS\.m2\repository\joda-time\joda-time\2.10\joda-time-2.10.jar;C:\Users\IGS\.m2\repository\com\twilio\sdk\twilio\7.9.0-alpha-2\twilio-7.9.0-alpha-2.jar;C:\Users\IGS\.m2\repository\org\apache\httpcomponents\httpclient\4.5.13\httpclient-4.5.13.jar;C:\Users\IGS\.m2\repository\com\google\collections\google-collections\1.0\google-collections-1.0.jar;C:\Users\IGS\.m2\repository\org\json\json\20230227\json-20230227.jar;C:\Users\IGS\.m2\repository\jakarta\ws\rs\jakarta.ws.rs-api\2.1.5\jakarta.ws.rs-api-2.1.5.jar;C:\Users\IGS\.m2\repository\jakarta\annotation\jakarta.annotation-api\1.3.4\jakarta.annotation-api-1.3.4.jar;C:\Users\IGS\.m2\repository\org\glassfish\hk2\external\jakarta.inject\2.5.0\jakarta.inject-2.5.0.jar;C:\Users\IGS\.m2\repository\org\glassfish\hk2\osgi-resource-locator\1.0.3\osgi-resource-locator-1.0.3.jar;C:\Users\IGS\.m2\repository\com\sun\activation\jakarta.activation\1.2.1\jakarta.activation-1.2.1.jar;C:\Users\IGS\.m2\repository\org\glassfish\jersey\ext\jersey-entity-filtering\2.29\jersey-entity-filtering-2.29.jar;C:\Users\IGS\.m2\repository\com\fasterxml\jackson\module\jackson-module-jaxb-annotations\2.9.9\jackson-module-jaxb-annotations-2.9.9.jar;C:\Users\IGS\.m2\repository\org\glassfish\hk2\hk2-locator\2.5.0\hk2-locator-2.5.0.jar;C:\Users\IGS\.m2\repository\org\glassfish\hk2\external\aopalliance-repackaged\2.5.0\aopalliance-repackaged-2.5.0.jar;C:\Users\IGS\.m2\repository\org\glassfish\hk2\hk2-api\2.5.0\hk2-api-2.5.0.jar;C:\Users\IGS\.m2\repository\org\glassfish\hk2\hk2-utils\2.5.0\hk2-utils-2.5.0.jar;C:\Users\IGS\.m2\repository\org\javassist\javassist\3.22.0-CR2\javassist-3.22.0-CR2.jar;C:\Users\IGS\.m2\repository\jakarta\validation\jakarta.validation-api\2.0.2\jakarta.validation-api-2.0.2.jar;C:\Users\IGS\.m2\repository\org\jboss\logging\jboss-logging\3.4.1.Final\jboss-logging-3.4.1.Final.jar;C:\Users\IGS\.m2\repository\com\fasterxml\classmate\1.5.1\classmate-1.5.1.jar;C:\Users\IGS\.m2\repository\com\google\guava\guava\18.0\guava-18.0.jar;C:\Users\IGS\.m2\repository\io\jsonwebtoken\jjwt\0.4\jjwt-0.4.jar;C:\Users\IGS\.m2\repository\org\slf4j\slf4j-api\1.7.6\slf4j-api-1.7.6.jar;C:\Users\IGS\.m2\repository\org\apache\httpcomponents\httpcore\4.4.4\httpcore-4.4.4.jar;C:\Users\IGS\.m2\repository\javax\xml\bind\jaxb-api\2.2\jaxb-api-2.2.jar;C:\Users\IGS\.m2\repository\javax\xml\stream\stax-api\1.0-2\stax-api-1.0-2.jar;C:\Users\IGS\.m2\repository\javax\activation\activation\1.1\activation-1.1.jar;C:\Users\IGS\.m2\repository\commons-logging\commons-logging\1.2\commons-logging-1.2.jar;C:\Users\IGS\.m2\repository\commons-codec\commons-codec\1.11\commons-codec-1.11.jar;C:\projects\BMC-Helix-Angular-prod\bundle\target\classes
-aspectpath
C:\Users\IGS\.m2\repository\com\bmc\arsys\com.bmc.arsys.rx.services\22.1.07-SNAPSHOT\com.bmc.arsys.rx.services-22.1.07-SNAPSHOT.jar;C:\Users\IGS\.m2\repository\com\bmc\arsys\com.bmc.arsys.rx.application\22.1.07-SNAPSHOT\com.bmc.arsys.rx.application-22.1.07-SNAPSHOT.jar
-d
C:\projects\BMC-Helix-Angular-prod\bundle\target\classes
C:\projects\BMC-Helix-Angular-prod\bundle\src\main\java\com\example\bundle\AccessRecordInstances.java
C:\projects\BMC-Helix-Angular-prod\bundle\src\main\java\com\example\bundle\AttachFile.java
C:\projects\BMC-Helix-Angular-prod\bundle\src\main\java\com\example\bundle\CheckHCaptchaToken.java
C:\projects\BMC-Helix-Angular-prod\bundle\src\main\java\com\example\bundle\Fruit.java
C:\projects\BMC-Helix-Angular-prod\bundle\src\main\java\com\example\bundle\FruitAttributes.java
C:\projects\BMC-Helix-Angular-prod\bundle\src\main\java\com\example\bundle\FruitException.java
C:\projects\BMC-Helix-Angular-prod\bundle\src\main\java\com\example\bundle\FruitResponse.java
C:\projects\BMC-Helix-Angular-prod\bundle\src\main\java\com\example\bundle\FruitRest.java
C:\projects\BMC-Helix-Angular-prod\bundle\src\main\java\com\example\bundle\HCaptchaAnswer.java
C:\projects\BMC-Helix-Angular-prod\bundle\src\main\java\com\example\bundle\ListUtils.java
C:\projects\BMC-Helix-Angular-prod\bundle\src\main\java\com\example\bundle\MyApplication.java
C:\projects\BMC-Helix-Angular-prod\bundle\src\main\java\com\example\bundle\Password.java
C:\projects\BMC-Helix-Angular-prod\bundle\src\main\java\com\example\bundle\SimpleProcessActivity.java
C:\projects\BMC-Helix-Angular-prod\bundle\src\main\java\com\example\bundle\SimpleResponsePayload.java
C:\projects\BMC-Helix-Angular-prod\bundle\src\main\java\com\example\bundle\SimpleRest.java
C:\projects\BMC-Helix-Angular-prod\bundle\src\main\java\com\example\bundle\Test210500FruitDataPageQuery.java
C:\projects\BMC-Helix-Angular-prod\bundle\src\main\java\com\example\bundle\Test210500GeneratePasswordCommand.java
C:\projects\BMC-Helix-Angular-prod\bundle\src\main\java\com\example\bundle\TwilioConfigurationClass.java
C:\projects\BMC-Helix-Angular-prod\bundle\src\main\java\com\example\bundle\TwilioTextMessage.java
C:\projects\BMC-Helix-Angular-prod\bundle\src\main\java\com\example\bundle\TwilioTextResultClass.java
C:\projects\BMC-Helix-Angular-prod\bundle\src\main\java\com\example\bundle\XmlUtils.java
